[24-Mar-2015 20:26:31 UTC] PHP Warning:  include_once(vendor/autoload.php): failed to open stream: No such file or directory in /home/richard/local-sites/robotwars/src/server.php on line 2
[24-Mar-2015 20:26:31 UTC] PHP Warning:  include_once(): Failed opening 'vendor/autoload.php' for inclusion (include_path='.:/usr/share/php:/usr/share/pear') in /home/richard/local-sites/robotwars/src/server.php on line 2
[24-Mar-2015 20:26:31 UTC] PHP Fatal error:  Class 'React\EventLoop\Factory' not found in /home/richard/local-sites/robotwars/src/server.php on line 4
[24-Mar-2015 20:31:34 UTC] PHP Warning:  Missing argument 1 for Robotwars\Model\Arena::__construct(), called in /home/richard/local-sites/robotwars/src/server.php on line 4 and defined in /home/richard/local-sites/robotwars/src/Robotwars/Model/Arena.php on line 11
[24-Mar-2015 20:31:34 UTC] PHP Warning:  Missing argument 2 for Robotwars\Model\Arena::__construct(), called in /home/richard/local-sites/robotwars/src/server.php on line 4 and defined in /home/richard/local-sites/robotwars/src/Robotwars/Model/Arena.php on line 11
[24-Mar-2015 20:31:34 UTC] PHP Notice:  Undefined variable: height in /home/richard/local-sites/robotwars/src/Robotwars/Model/Arena.php on line 13
[24-Mar-2015 20:31:34 UTC] PHP Notice:  Undefined variable: width in /home/richard/local-sites/robotwars/src/Robotwars/Model/Arena.php on line 14
[24-Mar-2015 20:31:45 UTC] PHP Warning:  Missing argument 1 for Robotwars\Model\Arena::__construct(), called in /home/richard/local-sites/robotwars/src/server.php on line 4 and defined in /home/richard/local-sites/robotwars/src/Robotwars/Model/Arena.php on line 11
[24-Mar-2015 20:31:45 UTC] PHP Warning:  Missing argument 2 for Robotwars\Model\Arena::__construct(), called in /home/richard/local-sites/robotwars/src/server.php on line 4 and defined in /home/richard/local-sites/robotwars/src/Robotwars/Model/Arena.php on line 11
[24-Mar-2015 20:31:45 UTC] PHP Notice:  Undefined variable: height in /home/richard/local-sites/robotwars/src/Robotwars/Model/Arena.php on line 13
[24-Mar-2015 20:31:45 UTC] PHP Notice:  Undefined variable: width in /home/richard/local-sites/robotwars/src/Robotwars/Model/Arena.php on line 14
[24-Mar-2015 22:10:10 UTC] PHP Fatal error:  Call to undefined method Robotwars\Server\Connection::getCommand() in /home/richard/local-sites/robotwars/src/Robotwars/Server/State.php on line 59
[24-Mar-2015 22:11:45 UTC] PHP Fatal error:  Call to undefined method Robotwars\Server\Connection::getCommand() in /home/richard/local-sites/robotwars/src/Robotwars/Server/State.php on line 59
[24-Mar-2015 22:13:05 UTC] PHP Fatal error:  Call to undefined method Robotwars\Server\Connection::getCommand() in /home/richard/local-sites/robotwars/src/Robotwars/Server/State.php on line 59
[24-Mar-2015 22:13:56 UTC] PHP Fatal error:  Call to undefined method Robotwars\Server\Connection::getCommand() in /home/richard/local-sites/robotwars/src/Robotwars/Server/State.php on line 59
[24-Mar-2015 22:15:38 UTC] PHP Fatal error:  Call to undefined method Robotwars\Server\Connection::getCommand() in /home/richard/local-sites/robotwars/src/Robotwars/Server/State.php on line 62
[24-Mar-2015 22:16:46 UTC] PHP Fatal error:  Call to undefined method Robotwars\Server\Connection::getCommand() in /home/richard/local-sites/robotwars/src/Robotwars/Server/State.php on line 60
[24-Mar-2015 22:17:31 UTC] PHP Fatal error:  Call to undefined method Robotwars\Server\Connection::getCommand() in /home/richard/local-sites/robotwars/src/Robotwars/Server/State.php on line 59
[24-Mar-2015 22:22:56 UTC] PHP Fatal error:  Call to undefined method Robotwars\Server\Connection::getCommand() in /home/richard/local-sites/robotwars/src/Robotwars/Server/State.php on line 59
[24-Mar-2015 22:23:29 UTC] PHP Fatal error:  Call to undefined method Robotwars\Server\Connection::getCommand() in /home/richard/local-sites/robotwars/src/Robotwars/Server/State.php on line 59
[24-Mar-2015 22:23:58 UTC] PHP Fatal error:  Call to undefined method Robotwars\Server\Connection::getCommand() in /home/richard/local-sites/robotwars/src/Robotwars/Server/State.php on line 59
[24-Mar-2015 22:26:54 UTC] PHP Notice:  Undefined variable: socket in /home/richard/local-sites/robotwars/src/Robotwars/Server/Connection.php on line 28
[24-Mar-2015 22:26:54 UTC] PHP Fatal error:  Call to a member function write() on a non-object in /home/richard/local-sites/robotwars/src/Robotwars/Server/State.php on line 109
[24-Mar-2015 22:28:11 UTC] PHP Notice:  Undefined variable: socket in /home/richard/local-sites/robotwars/src/Robotwars/Server/Connection.php on line 28
[24-Mar-2015 22:28:11 UTC] PHP Fatal error:  Call to a member function write() on a non-object in /home/richard/local-sites/robotwars/src/Robotwars/Server/State.php on line 109
[24-Mar-2015 22:29:14 UTC] PHP Notice:  Undefined variable: socket in /home/richard/local-sites/robotwars/src/Robotwars/Server/Connection.php on line 28
[24-Mar-2015 22:29:14 UTC] PHP Fatal error:  Call to a member function write() on a non-object in /home/richard/local-sites/robotwars/src/Robotwars/Server/State.php on line 111
[24-Mar-2015 22:36:13 UTC] PHP Notice:  Undefined variable: robotIsAlive in /home/richard/local-sites/robotwars/src/Robotwars/Server/State.php on line 94
[24-Mar-2015 22:36:13 UTC] PHP Notice:  Undefined variable: robotIsAlive in /home/richard/local-sites/robotwars/src/Robotwars/Server/State.php on line 94
[24-Mar-2015 22:53:44 UTC] PHP Parse error:  syntax error, unexpected ')' in /home/richard/local-sites/robotwars/src/server.php on line 48
[24-Mar-2015 22:54:02 UTC] PHP Parse error:  syntax error, unexpected ')' in /home/richard/local-sites/robotwars/src/server.php on line 48
[24-Mar-2015 22:54:32 UTC] PHP Parse error:  syntax error, unexpected ')' in /home/richard/local-sites/robotwars/src/server.php on line 46
[24-Mar-2015 22:54:54 UTC] PHP Fatal error:  Uncaught exception 'React\Socket\ConnectionException' with message 'Could not bind to tcp://127.0.0.1:666: Permission denied' in /home/richard/local-sites/robotwars/vendor/react/socket/src/Server.php:29
Stack trace:
#0 /home/richard/local-sites/robotwars/src/server.php(53): React\Socket\Server->listen(666)
#1 {main}
  thrown in /home/richard/local-sites/robotwars/vendor/react/socket/src/Server.php on line 29
[24-Mar-2015 22:55:58 UTC] PHP Fatal error:  Uncaught exception 'React\Socket\ConnectionException' with message 'Could not bind to tcp://127.0.0.1:666: Permission denied' in /home/richard/local-sites/robotwars/vendor/react/socket/src/Server.php:29
Stack trace:
#0 /home/richard/local-sites/robotwars/src/server.php(53): React\Socket\Server->listen(666)
#1 {main}
  thrown in /home/richard/local-sites/robotwars/vendor/react/socket/src/Server.php on line 29
[24-Mar-2015 23:01:11 UTC] PHP Fatal error:  Call to undefined function ncurses_clear() in php shell code on line 1
[24-Mar-2015 23:01:48 UTC] PHP Fatal error:  Call to undefined function ncurses_clear() in php shell code on line 1
